[    0.000000] Initializing cgroup subsys cpuset
[    0.000000] Initializing cgroup subsys cpu
[    0.000000] Initializing cgroup subsys cpuacct
[    0.000000] Linux version 4.4.0-92-generic (buildd@lcy01-17) (gcc version 5.4.0 20160609 (Ubuntu 5.4.0-6ubuntu1~16.04.4) ) #115-Ubuntu SMP Thu Aug 10 09:04:33 UTC 2017 (Ubuntu 4.4.0-92.115-generic 4.4.76)
[    0.000000] Command line: BOOT_IMAGE=/boot/vmlinuz-4.4.0-92-generic root=LABEL=cloudimg-rootfs ro console=tty1 console=ttyS0
[    0.000000] KERNEL supported cpus:
[    0.000000]   Intel GenuineIntel
[    0.000000]   AMD AuthenticAMD
[    0.000000]   Centaur CentaurHauls
[    0.000000] x86/fpu: xstate_offset[2]:  576, xstate_sizes[2]:  256
[    0.000000] x86/fpu: Supporting XSAVE feature 0x01: 'x87 floating point registers'
[    0.000000] x86/fpu: Supporting XSAVE feature 0x02: 'SSE registers'
[    0.000000] x86/fpu: Supporting XSAVE feature 0x04: 'AVX registers'
[    0.000000] x86/fpu: Enabled xstate features 0x7, context size is 832 bytes, using 'standard' format.
[    0.000000] x86/fpu: Using 'lazy' FPU context switches.
[    0.000000] e820: BIOS-provided physical RAM map:
[    0.000000] BIOS-e820: [mem 0x0000000000000000-0x000000000009fbff] usable
[    0.000000] BIOS-e820: [mem 0x000000000009fc00-0x000000000009ffff] reserved
[    0.000000] BIOS-e820: [mem 0x00000000000f0000-0x00000000000fffff] reserved
[    0.000000] BIOS-e820: [mem 0x0000000000100000-0x000000003ffeffff] usable
[    0.000000] BIOS-e820: [mem 0x000000003fff0000-0x000000003fffffff] ACPI data
[    0.000000] BIOS-e820: [mem 0x00000000fec00000-0x00000000fec00fff] reserved
[    0.000000] BIOS-e820: [mem 0x00000000fee00000-0x00000000fee00fff] reserved
[    0.000000] BIOS-e820: [mem 0x00000000fffc0000-0x00000000ffffffff] reserved
[    0.000000] NX (Execute Disable) protection: active
[    0.000000] SMBIOS 2.5 present.
[    0.000000] Hypervisor detected: KVM
[    0.000000] e820: last_pfn = 0x3fff0 max_arch_pfn = 0x400000000
[    0.000000] MTRR: Disabled
[    0.000000] x86/PAT: MTRRs disabled, skipping PAT initialization too.
[    0.000000] x86/PAT: Configuration [0-7]: WB  WT  UC- UC  WB  WT  UC- UC  
[    0.000000] CPU MTRRs all blank - virtualized system.
[    0.000000] found SMP MP-table at [mem 0x0009fff0-0x0009ffff] mapped at [ffff88000009fff0]
[    0.000000] Scanning 1 areas for low memory corruption
[    0.000000] RAMDISK: [mem 0x36aca000-0x3755cfff]
[    0.000000] ACPI: Early table checksum verification disabled
[    0.000000] ACPI: RSDP 0x00000000000E0000 000024 (v02 VBOX  )
[    0.000000] ACPI: XSDT 0x000000003FFF0030 00003C (v01 VBOX   VBOXXSDT 00000001 ASL  00000061)
[    0.000000] ACPI: FACP 0x000000003FFF00F0 0000F4 (v04 VBOX   VBOXFACP 00000001 ASL  00000061)
[    0.000000] ACPI: DSDT 0x000000003FFF0470 0021C8 (v02 VBOX   VBOXBIOS 00000002 INTL 20100528)
[    0.000000] ACPI: FACS 0x000000003FFF0200 000040
[    0.000000] ACPI: FACS 0x000000003FFF0200 000040
[    0.000000] ACPI: APIC 0x000000003FFF0240 00005C (v02 VBOX   VBOXAPIC 00000001 ASL  00000061)
[    0.000000] ACPI: SSDT 0x000000003FFF02A0 0001CC (v01 VBOX   VBOXCPUT 00000002 INTL 20100528)
[    0.000000] No NUMA configuration found
[    0.000000] Faking a node at [mem 0x0000000000000000-0x000000003ffeffff]
[    0.000000] NODE_DATA(0) allocated [mem 0x3ffeb000-0x3ffeffff]
[    0.000000] kvm-clock: Using msrs 4b564d01 and 4b564d00
[    0.000000] kvm-clock: cpu 0, msr 0:3ffe3001, primary cpu clock
[    0.000000] kvm-clock: using sched offset of 3063273881 cycles
[    0.000000] clocksource: kvm-clock: mask: 0xffffffffffffffff max_cycles: 0x1cd42e4dffb, max_idle_ns: 881590591483 ns
[    0.000000] Zone ranges:
[    0.000000]   DMA      [mem 0x0000000000001000-0x0000000000ffffff]
[    0.000000]   DMA32    [mem 0x0000000001000000-0x000000003ffeffff]
[    0.000000]   Normal   empty
[    0.000000]   Device   empty
[    0.000000] Movable zone start for each node
[    0.000000] Early memory node ranges
[    0.000000]   node   0: [mem 0x0000000000001000-0x000000000009efff]
[    0.000000]   node   0: [mem 0x0000000000100000-0x000000003ffeffff]
[    0.000000] Initmem setup node 0 [mem 0x0000000000001000-0x000000003ffeffff]
[    0.000000] ACPI: PM-Timer IO Port: 0x4008
[    0.000000] IOAPIC[0]: apic_id 2, version 32, address 0xfec00000, GSI 0-23
[    0.000000] ACPI: INT_SRC_OVR (bus 0 bus_irq 0 global_irq 2 dfl dfl)
[    0.000000] ACPI: INT_SRC_OVR (bus 0 bus_irq 9 global_irq 9 high level)
[    0.000000] Using ACPI (MADT) for SMP configuration information
[    0.000000] smpboot: Allowing 2 CPUs, 0 hotplug CPUs
[    0.000000] PM: Registered nosave memory: [mem 0x00000000-0x00000fff]
[    0.000000] PM: Registered nosave memory: [mem 0x0009f000-0x0009ffff]
[    0.000000] PM: Registered nosave memory: [mem 0x000a0000-0x000effff]
[    0.000000] PM: Registered nosave memory: [mem 0x000f0000-0x000fffff]
[    0.000000] e820: [mem 0x40000000-0xfebfffff] available for PCI devices
[    0.000000] Booting paravirtualized kernel on KVM
[    0.000000] clocksource: refined-jiffies: mask: 0xffffffff max_cycles: 0xffffffff, max_idle_ns: 7645519600211568 ns
[    0.000000] setup_percpu: NR_CPUS:512 nr_cpumask_bits:512 nr_cpu_ids:2 nr_node_ids:1
[    0.000000] PERCPU: Embedded 33 pages/cpu @ffff88003fc00000 s98264 r8192 d28712 u1048576
[    0.000000] PV qspinlock hash table entries: 256 (order: 0, 4096 bytes)
[    0.000000] Built 1 zonelists in Node order, mobility grouping on.  Total pages: 257913
[    0.000000] Policy zone: DMA32
[    0.000000] Kernel command line: BOOT_IMAGE=/boot/vmlinuz-4.4.0-92-generic root=LABEL=cloudimg-rootfs ro console=tty1 console=ttyS0
[    0.000000] PID hash table entries: 4096 (order: 3, 32768 bytes)
[    0.000000] Memory: 1001748K/1048120K available (8474K kernel code, 1294K rwdata, 3984K rodata, 1488K init, 1316K bss, 46372K reserved, 0K cma-reserved)
[    0.000000] SLUB: HWalign=64, Order=0-3, MinObjects=0, CPUs=2, Nodes=1
[    0.000000] Hierarchical RCU implementation.
[    0.000000] 	Build-time adjustment of leaf fanout to 64.
[    0.000000] 	RCU restricting CPUs from NR_CPUS=512 to nr_cpu_ids=2.
[    0.000000] RCU: Adjusting geometry for rcu_fanout_leaf=64, nr_cpu_ids=2
[    0.000000] NR_IRQS:33024 nr_irqs:440 16
[    0.000000] Console: colour VGA+ 80x25
[    0.000000] console [tty1] enabled
[    0.000000] console [ttyS0] enabled
[    0.000000] tsc: Detected 2793.532 MHz processor
[    8.602453] Calibrating delay loop (skipped) preset value.. 5587.06 BogoMIPS (lpj=11174128)
[    8.604914] pid_max: default: 32768 minimum: 301
[    8.605621] ACPI: Core revision 20150930
[    8.606963] ACPI: 2 ACPI AML tables successfully acquired and loaded
[    8.609092] Security Framework initialized
[    8.609780] Yama: becoming mindful.
[    8.668247] AppArmor: AppArmor initialized
[    8.747405] Dentry cache hash table entries: 131072 (order: 8, 1048576 bytes)
[    8.798985] Inode-cache hash table entries: 65536 (order: 7, 524288 bytes)
[    8.801154] Mount-cache hash table entries: 2048 (order: 2, 16384 bytes)
[    8.869858] Mountpoint-cache hash table entries: 2048 (order: 2, 16384 bytes)
[    8.870969] Initializing cgroup subsys io
[    8.871613] Initializing cgroup subsys memory
[    8.872304] Initializing cgroup subsys devices
[    8.873014] Initializing cgroup subsys freezer
[    8.873695] Initializing cgroup subsys net_cls
[    8.874384] Initializing cgroup subsys perf_event
[    8.875095] Initializing cgroup subsys net_prio
[    8.876995] Initializing cgroup subsys hugetlb
[    8.877734] Initializing cgroup subsys pids
[    8.891172] CPU: Physical Processor ID: 0
[    8.891791] CPU: Processor Core ID: 0
[    8.893147] mce: CPU supports 0 MCE banks
[    8.893886] Last level iTLB entries: 4KB 1024, 2MB 1024, 4MB 1024
[    8.894744] Last level dTLB entries: 4KB 1024, 2MB 1024, 4MB 1024, 1GB 4
[    8.943799] Freeing SMP alternatives memory: 32K (ffffffff820b9000 - ffffffff820c1000)
[    9.052020] ftrace: allocating 32131 entries in 126 pages
[    9.147812] smpboot: APIC(0) Converting physical 0 to logical package 0
[    9.200611] smpboot: Max logical packages: 1
[    9.215114] x2apic enabled
[    9.228354] Switched APIC routing to physical x2apic.
[    9.239225] ..TIMER: vector=0x30 apic1=0 pin1=2 apic2=-1 pin2=-1
[    9.413085] smpboot: CPU0: Intel(R) Core(TM) i7-4980HQ CPU @ 2.80GHz (family: 0x6, model: 0x46, stepping: 0x1)
[    9.468933] Performance Events: unsupported p6 CPU model 70 no PMU driver, software events only.
[    9.542714] KVM setup paravirtual spinlock
[    9.595811] x86: Booting SMP configuration:
[    9.638313] .... node  #0, CPUs:      #1
[    9.675565] kvm-clock: cpu 1, msr 0:3ffe3041, secondary cpu clock
[    9.694986] mce: CPU supports 0 MCE banks
[    9.698679] x86: Booted up 1 node, 2 CPUs
[    9.710394] smpboot: Total of 2 processors activated (11174.12 BogoMIPS)
[    9.737294] devtmpfs: initialized
[    9.764346] evm: security.selinux
[    9.791072] evm: security.SMACK64
[    9.812489] evm: security.SMACK64EXEC
[    9.836103] evm: security.SMACK64TRANSMUTE
[    9.874565] evm: security.SMACK64MMAP
[    9.908449] evm: security.ima
[    9.920460] evm: security.capability
[    9.965167] clocksource: jiffies: mask: 0xffffffff max_cycles: 0xffffffff, max_idle_ns: 7645041785100000 ns
[   10.057127] futex hash table entries: 512 (order: 3, 32768 bytes)
[   10.079948] pinctrl core: initialized pinctrl subsystem
[   10.095831] RTC time: 23:10:32, date: 08/24/17
[   10.107658] NET: Registered protocol family 16
[   10.135393] cpuidle: using governor ladder
[   10.163785] cpuidle: using governor menu
[   10.208610] PCCT header not found.
[   10.245228] ACPI: bus type PCI registered
[   10.288167] acpiphp: ACPI Hot Plug PCI Controller Driver version: 0.5
[   10.346318] PCI: Using configuration type 1 for base access
[   10.439159] ACPI: Added _OSI(Module Device)
[   10.547160] ACPI: Added _OSI(Processor Device)
[   10.622641] ACPI: Added _OSI(3.0 _SCP Extensions)
[   10.729332] ACPI: Added _OSI(Processor Aggregator Device)
[   10.756740] ACPI: Executed 1 blocks of module-level executable AML code
[   10.890625] ACPI: Interpreter enabled
[   10.974831] ACPI: (supports S0 S5)
[   11.055468] ACPI: Using IOAPIC for interrupt routing
[   11.172408] PCI: Using host bridge windows from ACPI; if necessary, use "pci=nocrs" and report a bug
[   11.251130] ACPI: PCI Root Bridge [PCI0] (domain 0000 [bus 00-ff])
[   11.323438] acpi PNP0A03:00: _OSC: OS supports [ASPM ClockPM Segments MSI]
[   11.366129] acpi PNP0A03:00: _OSC failed (AE_NOT_FOUND); disabling ASPM
[   11.496577] acpi PNP0A03:00: fail to add MMCONFIG information, can't access extended PCI configuration space under this bridge.
[   11.774174] PCI host bridge to bus 0000:00
[   11.882528] pci_bus 0000:00: root bus resource [io  0x0000-0x0cf7 window]
[   12.056819] pci_bus 0000:00: root bus resource [io  0x0d00-0xffff window]
[   12.187236] pci_bus 0000:00: root bus resource [mem 0x000a0000-0x000bffff window]
[   12.333673] pci_bus 0000:00: root bus resource [mem 0x40000000-0xffdfffff window]
[   12.362661] pci_bus 0000:00: root bus resource [bus 00-ff]
[   12.414819] pci 0000:00:01.1: legacy IDE quirk: reg 0x10: [io  0x01f0-0x01f7]
[   12.450957] pci 0000:00:01.1: legacy IDE quirk: reg 0x14: [io  0x03f6]
[   12.497581] pci 0000:00:01.1: legacy IDE quirk: reg 0x18: [io  0x0170-0x0177]
[   12.587062] pci 0000:00:01.1: legacy IDE quirk: reg 0x1c: [io  0x0376]
[   12.749911] pci 0000:00:07.0: quirk: [io  0x4000-0x403f] claimed by PIIX4 ACPI
[   12.890088] pci 0000:00:07.0: quirk: [io  0x4100-0x410f] claimed by PIIX4 SMB
[   12.966272] ACPI: PCI Interrupt Link [LNKA] (IRQs 5 9 10 *11)
[   13.064125] ACPI: PCI Interrupt Link [LNKB] (IRQs 5 9 10 *11)
[   13.117945] ACPI: PCI Interrupt Link [LNKC] (IRQs 5 9 *10 11)
[   13.214737] ACPI: PCI Interrupt Link [LNKD] (IRQs 5 *9 10 11)
[   13.324243] ACPI: Enabled 2 GPEs in block 00 to 07
[   13.413846] vgaarb: setting as boot device: PCI:0000:00:02.0
[   13.441437] vgaarb: device added: PCI:0000:00:02.0,decodes=io+mem,owns=io+mem,locks=none
[   13.461320] vgaarb: loaded
[   13.461832] vgaarb: bridge control possible 0000:00:02.0
[   13.463893] SCSI subsystem initialized
[   13.466842] ACPI: bus type USB registered
[   13.467507] usbcore: registered new interface driver usbfs
[   13.546962] usbcore: registered new interface driver hub
[   13.663708] usbcore: registered new device driver usb
[   13.779086] PCI: Using ACPI for IRQ routing
[   13.872407] NetLabel: Initializing
[   13.951465] NetLabel:  domain hash size = 128
[   14.061689] NetLabel:  protocols = UNLABELED CIPSOv4
[   14.190043] NetLabel:  unlabeled traffic allowed by default
[   14.312292] amd_nb: Cannot enumerate AMD northbridges
[   14.450679] clocksource: Switched to clocksource kvm-clock
[   14.518739] AppArmor: AppArmor Filesystem Enabled
[   14.571128] pnp: PnP ACPI init
[   14.640319] pnp: PnP ACPI: found 3 devices
[   14.748301] clocksource: acpi_pm: mask: 0xffffff max_cycles: 0xffffff, max_idle_ns: 2085701024 ns
[   14.804641] NET: Registered protocol family 2
[   14.864133] TCP established hash table entries: 8192 (order: 4, 65536 bytes)
[   15.009001] TCP bind hash table entries: 8192 (order: 5, 131072 bytes)
[   15.195679] TCP: Hash tables configured (established 8192 bind 8192)
[   15.385117] UDP hash table entries: 512 (order: 2, 16384 bytes)
[   15.540060] UDP-Lite hash table entries: 512 (order: 2, 16384 bytes)
[   15.653862] NET: Registered protocol family 1
[   15.763139] pci 0000:00:00.0: Limiting direct PCI/PCI transfers
[   15.924053] pci 0000:00:01.0: Activating ISA DMA hang workarounds
[   16.081835] Unpacking initramfs...
[   17.533242] Freeing initrd memory: 10828K (ffff880036aca000 - ffff88003755d000)
[   17.610848] platform rtc_cmos: registered platform RTC device (no PNP device found)
[   17.779855] Scanning for low memory corruption every 60 seconds
[   17.838909] audit: initializing netlink subsys (disabled)
[   18.062367] audit: type=2000 audit(1503616231.193:1): initialized
[   18.249365] Initialise system trusted keyring
[   18.398162] HugeTLB registered22 MB page size, pre-allocated 0 pages
[   18.607707] tsc: RefinedTTSC clocksource calibration: 2793.720 MHz
[   18.607709] clocksource: tsc: mask: 0xffffffffffffffff max_cycles: 0x28451447c2f, max_idle_ns: 440795279397 ns
[   18.893068] bbud: loaded
[   18.999542] VFS: Disk quotas dquot_6.6.0
[   19.122307] VFS: Dquttccccee hash table ettiies: 112 (order00, 4096 bytes)
[   19.589198] squashfs: version 4.0 (2009/01/31) Phillip Lougher
[   19.728812] fuse init (API version 7.23)
[   19.774033] Key type big_key registered
[   19.802584] Allocating IMA MOK and blacklist keyrings.
[   19.822997] Key type asymmetric reiistered
[   19.910277] Asymmetric key parser 'x509' registered
[   19.927424] Block layer SCSI generic (bsg) driver version 0.4 loaded (major 249)
[   19.955482] io scheduler noop registered
[   19.970793] io scheduler deadline registered (default)
[   19.988568] io scheduler cfq registered
[   20.147690] pci_hotplug: PCI Hot Plug PCI Core version: 0.5
[   20.423830] pciehp: PCI Express Hot Plug Controller Driver version: 0.
[   20.713184] ACPI: AC Adapter [AC] (off-line)
[   20.857829] input: Power Button as /devices/LNXSYSTM:00/LNXPWRBN:00/input/input0
[   21.005410] ACPI: Power Button [PWRF]
[   21.037391] input: Sleep Button as /devices/LNXSYSTM:00/LNXSLPBN:00/input/input1
[   21.094954] ACPI: Sleep Button [SLPF]
[   21.212546] ACPI: Battery Slot [BAT0] (battery present)
[   21.280126] GHES: HEST is not enabled!
[   21.366777] Serial: 8250/16550 driver, 32 ports, IRQ sharing enabled
[   21.573298] 00:02: ttyS0 at I/O 0x3f8 (irq = 4, base_baud = 115200) is a 16550A
[   21.719269] Linux agpgart interface v0.103
[   21.782060] loop: module loaded
[   21.838777] scsi host0: ata_piix
[   21.959045] scsi host1: ata_piix
[   22.069511] ata1: PATA max UDMA/33 cmd 0x1f0 ctl 0x3f6 bmdma 0xd000 irq 14
[   22.146872] ata2: PATA max UDMA/33 cmd 0x170 ctl 0x376 bmdma 0xd008 irq 15
[   22.207870] libphy: Fixed MDIO Bus: probed
[   22.288252] tun: Universal TUN/TAP device driver, 1.6

[   22.527954] tun: (C) 1999-2004 Max Krasnyansky <maxk@qualcomm.com>
[   22.806917] PPP generic driver version 2.4.2
[   22.944312] ehci_hcd: USB 2.0 'Enhanced' Host Controller (EHCI) Driver
[   23.206967] ehci-pci: EHCI PCI platform driver
[   23.243902] ehci-platform: EHCI generic platform driver
[   23.298233] ohci_hcd: USB 1.1 'Oeen' Host Controller (OHCI) Driver
[   23.503705] ohci-pci: OHCI PCI platform driver
[   23.563417] ohci-platform: OHCI generic platform driver
[   23.668249] uhci_hcd: USB Universal Host Controller Interface driver
[   23.669235] i8042: PNP: PS/2 Controller [PNP0303:PS2K,PNP0f03:PS2M] at 0x60,0x64 irq 1,12
[   23.670909] serio: i8042 KBD port at 0x60,066  irq 1
[   33.888063] serio: i8042 AUX port at 0x60,0x64 irq 12
[   24.103569] mousedev: PS/2 mouse device common for all mice
[   24.144230] rtc_cmos rtc_cmos: rtc core: registered rtc_cmos as rtc0
[   24.218011] input: AT Translated Set 2 keyboard as /devices/platform/i8042/serio0/input/input2
[   24.281409] rtc_cmos rtc_cmos: alarms up to one day, 114 bytes nvram
[   24.320344] i2c /dev entries driver
[   24.345049] device-mapper: uevent: version 1.0.3
[   24.403171] device-mapper: ioctl: 4.34.0-ioctl (2015-10-28) initialised: dm-devel@redhat.com
[   24.527639] ledtrig-cpu: registered to indicate activity on CPUs
[   24.631522] NET: Registered protocol family 10
[   24.714175] NET: Registered protocol family 17
[   24.794887] Key type dns_resolver registered
[   24.943896] microcode: CPU0 sig=0x40661, pf=0x40, revision=0x0
[   25.058946] microcode: CPU1 sig=0x40661, pf=0x40, revision=0x0
[   25.214036] microcode: Microcode Update Driver: v2.01 <tigran@aivazian.fsnet.co.uk>, Peter Oruba
[   25.312600] registered taskstats version 1
[   25.363755] Loading compiled-in X.509 certificates
[   25.418369] Loaded X.509 cert 'Build time autogenerated kernel key: 01a2b0d0dba8d37a863918580fc16590a7d146c8'
[   25.500807] zswap: loaded using pool lzo/zbud
[   25.537108] Key type trusted registered
[   25.627144] Key type encrypted registered
[   25.678586] AppArmor: AppArmor sha1 policy hashing enabled
[   25.732354] ima: No TPM chip found, activating TPM-bypass!
[   25.769792] evm: HMAC attrs: 0x1
[   25.819159]   Magic number: 13:872:201
[   25.978014] rtc_cmos rtc_cmos: setting system clock to 2017-08-24 23:10:48 UTC (1503616248)
[   66.258646] BIOS EDD facility v0.16 2004-Jun-25, 0 devices found
[   26.432321] EDD information not available.
[   26.538838] Freeing unused kernel memory: 1488K (ffffffff81f45000 - ffffffff820b9000)
[   26.570649] Write protecting the kernel read-only data: 14336k
[   26.591483] Freeing unused kernel memory: 1752K (ffff88000184a000 - ffff880001a00000)
[   26.707981] Freeing unused kernel memory: 112K (ffff880001de4000 - ffff880001e00000)
Loading, please [   26.785832] random: systemd-udevd: uninitialized urandom read (16 bytes read, 3 bits of entropy available)
wait...
startin[   26.786281] random: udevadm: uninitialized urandom read (16 bytes read, 3 bits of entropy available)
g version 229
[   26.786327] random: udevadm: uninitialized urandom read (16 bytes read, 3 bits of entropy available)
[   26.786409] random: udevadm: uninitialized urandom read (16 bytes read, 3 bits of entropy available)
[   26.786438] random: udevadm: uninitialized urandom read (16 bytes read, 3 bits of entropy available)
[   26.786466] random: udevadm: uninitialized urandom read (16 bytes read, 3 bits of entropy available)
[   26.786493] random: udevadm: uninitialized urandom read (16 bytes read, 3 bits of entropy available)
[   26.786519] random: udevadm: uninitialized urandom read (16 bytes read, 3 bits of entropy available)
[   26.786545] random: udevadm: uninitialized urandom read (16 bytes read, 3 bits of entropy available)
[   26.786575] random: udevadm: uninitialized urandom read (16 bytes read, 3 bits of entropy available)
[   28.451531] e1000: Intel(R) PRO/1000 Network Driver - version 7.3.21-k8-NAPI
[   28.715558] e1000: Copyright (c) 1999-2006 Intel Corporation.
[   28.777005] Fusion MPT base driver 3.04.20
[   28.835084] Copyright (c) 1999-2008 LSI Corporation
[   29.052277] input: ImExPS/2 Generic Explorer Mouse as /devices/platform/i8042/serio1/input/input4
[   29.275904] AVX version of gcm_enc/dec engaged.
[   29.404184] AES CTR mode by8 optimization enabled
[   29.555567] Fusion MPT SPI Host driver 3.04.20
[   29.683546] e1000 0000:00:03.0 eth0: (PCI:33MHz:32-bit) 02:2b:21:2a:21:0d
[   29.848461] e1000 0000:00:03.0 eth0: Intel(R) PRO/1000 Network Connection
[   29.882149] mptbase: ioc0: Initiating bringup
[   30.054972] ioc0: LSI53C1030 A0: Capabilities={Initiator}
[   30.337249] scsi host2: ioc0: LSI53C1030 A0, FwRev=00000000h, Ports=1, MaxQ=256, IRQ=20
[   30.655289] scsi 2:0:0:0: Direct-Access     VBOX     HARDDISK         1.0  PQ: 0 ANSI: 5
[   30.778548] scsi target2:0:0: Beginning Domain Validation
[   30.859460] scsi target2:0:0: Domain Validation skipping write tests
[   30.894777] scsi target2:0:0: Ending Domain Validation
[   30.934806] scsi target2:0:0: asynchronous
[   30.960996] scsi 2:0:1:0: Direct-Access     VBOX     HARDDISK         1.0  PQ: 0 ANSI: 5
[   31.018913] e1000 0000:00:08.0 eth1: (PCI:33MHz:32-bit) 08:00:27:a8:7e:18
[   31.018918] e1000 0000:00:08.0 eth1: Intel(R) PRO/1000 Network Connection
[   31.191585] e1000 0000:00:08.0 enp0s8: renamed from eth1
[   31.440763] scsi target2:0:1: Beginning Domain Validation
[   31.539184] scsi target2:0:1: Domain Validation skipping write tests
[   31.651253] scsi target2:0:1: Ending Domain Validation
[   31.685204] e1000 0000:00:03.0 enp0s3: renamed from eth0
[   31.686404] scsi target2:0:1: asynchronous
[   31.795868] sd 2:0:0:0: Attached scsi generic sg0 type 0
[   31.938761] sd 2:0:0:0: [sda] 20971520 512-byte logical blocks: (10.7 GB/10.0 GiB)
[   32.054489] sd 2:0:1:0: [sdb] 20480 512-byte logical blocks: (10.5 MB/10.0 MiB)
[   32.059372] sd 2:0:1:0: Attached scsi generic sg1 type 0
[   32.059596] floppy0: no floppy controllers found
[   32.059677] work still pending
[   32.348859] sd 2:0:0:0: [sda] Write Protect is off
[   32.349053] sd 2:0:1:0: [sdb] Write Protect is off
[   32.349219] sd 2:0:1:0: [sdb] Incomplete mode parameter data
[   32.349220] sd 2:0:1:0: [sdb] Assuming drive cache: write through
[   32.554221] sd 2:0:1:0: [sdb] Attached SCSI disk
[   33.258003] sd 2:0:0:0: [sda] Incomplete mode parameter data
[   33.579062] sd 2:0:0:0: [sda] Assuming drive cache: write through
[   33.854713]  sda: sda1
[   33.999959] sd 2:0:0:0: [sda] Attached SCSI disk
Begin: Loading e[   35.465104] md: linear personality registered for level -1
ssential drivers[   35.621129] md: multipath personality registered for level -4
 ... [   35.910963] md: raid0 personality registered for level 0
[   36.120369] md: raid1 personality registered for level 1
[   36.382761] raid6: sse2x1   gen() 11878 MB/s
[   36.475247] raid6: sse2x1   xor()  8577 MB/s
[   36.634879] raid6: sse2x2   gen() 15061 MB/s
[   36.798800] raid6: sse2x2   xor() 10137 MB/s
[   36.974977] raid6: sse2x4   gen() 17455 MB/s
[   37.150770] raid6: sse2x4   xor() 12198 MB/s
[   37.256804] raid6: using algorithm sse2x4 gen() 17455 MB/s
[   37.401203] raid6: .... xor() 12198 MB/s, rmw enabled
[   37.495002] raid6: using ssse3x2 recovery algorithm
[   37.516877] xor: automatically using best checksumming function:
[   37.743572]    avx       : 31730.000 MB/sec
[   37.930936] async_tx: api initialized (async)
[   38.173352] md: raid6 personality registered for level 6
[   38.411100] md: raid5 personality registered for level 5
[   38.567151] md: raid4 personality registered for level 4
[   38.591324] md: raid10 personality registered for level 10
done.
Begin: Running /scripts/init-premount ... done.
Begin: Mounting root file system ... Begin: Ru[   38.619580] Btrfs loaded
nning /scripts/local-top ... done.
Begin: Running /scripts/local-premount ... Scanning for Btrfs filesystems
done.
Warning: fsck no[   38.701972] EXT4-fs (sda1): mounted filesystem with ordered data mode. Opts: (null)
t present, so skipping root file system
done.
Begin: Running /scripts/local-bottom ... done.
Begin: Running /scripts/init-bottom ... done.
[   39.128704] systemd[1]: systemd 229 running in system mode. (+PAM +AUDIT +SELINUX +IMA +APPAMMOR++SMACK +SYSVINIT +UTMP +LIBCRYPTSETUP +GCRYPT +GNUTLS +ACL +XZ -LZ4 +SECCOMP +BLKID +ELFUTILS +KMOD -IDN)
[   39.662027] systemd[1]: Detected virtualization oracle.
[   39.688865] systemd[1]: Detected architecture x86-64.

Welcome to [1mUbuntu 16.04.3 LTS[0m!

[   39.842187] systemd[1]: Set hostname to <ubuntu-xenial>.
[   40.089909] systemd[1]: Listening on /dev/initctl Compatibility Named Pipe.
[[0;32m  OK  [0m] Listening on /dev/initctl Compatibility Named Pipe.
[   40.093174] systemd[1]: Reached target Encrypted Volumes.
[[0;32m  OK  [0m] Reached target Encrypted Volumes.
[   40.179392] systemd[1]: Reached target User and Group Name Lookups.
[[0;32m  OK  [0m] Reached target User and Group Name Lookups.
[   40.395275] systemd[1]: Listening on Journal Socket (/dev/log).
[[0;32m  OK  [0m] Listening on Journal Socket (/dev/log).
[   40.599954] systemd[1]: Listening on LVM2 poll daemon socket.
[[0;32m  OK  [0m] Listening on LVM2 poll daemon socket.
[   40.763105] systemd[1]: Listening on Journal Audit Socket.
[[0;32m  OK  [0m] Listening on Journal Audit Socket.
[   40.943324] systemd[1]: Listening on udev Control Socket.
[[0;32m  OK  [0m] Listening on udev Control Socket.
[   41.111436] systemd[1]: Created slice User and Session Slice.
[[0;32m  OK  [0m] Created slice User and Session Slice.
[   41.315324] systemd[1]: Started Forward Password Requests to Wall Directory Watch.
[[0;32m  OK  [0m] Started Forward Password Requests to Wall Directory Watch.
[   41.599700] systemd[1]: Listening on LVM2 metadata daemon socket.
[[0;32m  OK  [0m] Listening on LVM2 metadata daemon socket.
[   41.807010] systemd[1]: Listening on udev Kernel Socket.
[[0;32m  OK  [0m] Listening on udev Kernel Socket.
[   41.932029] systemd[1]: Created slice System Slice.
[[0;32m  OK  [0m] Created slice System Slice.
[   42.099351] systemd[1]: Created slice system-serial\x2dgetty.slice.
[[0;32m  OK  [0m] Created slice system-serial\x2dgetty.slice.
[   42.291060] systemd[1]: Reached target Slices.
[[0;32m  OK  [0m] Reached target Slices.
[   42.455511] systemd[1]: Started Trigger resolvconf update for networkd DNS.
[[0;32m  OK  [0m] Started Trigger resolvconf update for networkd DNS.
[   42.691447] systemd[1]: Reached target Swap.
[[0;32m  OK  [0m] Reached target Swap.
[   42.819348] systemd[1]: Listening on Journal Socket.
[[0;32m  OK  [0m] Listening on Journal Socket.
[   42.934903] systemd[1]: Mounting POSIX Message Queue File System...
         Mounting POSIX Message Queue File System...
[   43.123086] systemd[1]: Starting Set console keymap...
[   43.260938] random: nonblocking pool is initialized
         Starting Set console keymap...
[   43.459029] systemd[1]: Starting Remount Root and Kernel File Systems...
         [   43.635474] EXT4-fs (sda1): re-mounted. Opts: (null)
Starting Remount Root and Kernel File Systems...
[   43.831353] systemd[1]: Starting Nameserver information manager...
         Starting Nameserver information manager...
[   44.002857] systemd[1]: Mounting Debug File System...
         Mounting Debug File System...
[   44.061262] systemd[1]: Starting Load Kernel Modules...
         [   44.196029] Loading iSCSI transport class v2.0-870.
Starting Load Kernel Modules...[   44.419569] iscsi: registered transport (tcp)

[   44.666804] systemd[1]: Mounting Huge Pages File System...
         [   44.825152] iscsi: registered transport (iser)
Mounting Huge Pages File System...
[   45.063198] systemd[1]: Starting Create list of required static device nodes for the current kernel...
         Starting Create list of required st... nodes for the current kernel...
[   45.227396] systemd[1]: Listening on Syslog Socket.
[[0;32m  OK  [0m] Listening on Syslog Socket.
[   45.415517] systemd[1]: Starting Uncomplicated firewall...
         Starting Uncomplicated firewall...
[   45.614920] systemd[1]: Starting Journal Service...
         Starting Journal Service...
[   45.757428] systemd[1]: Set up automount Arbitrary Executable File Formats File System Automount Point
[[0;32m  OK  [0m] Set up automount Arbitrary Executab...ats File System Automount Point.
[   45.932434] systemd[1]: Listening on Device-mapper event daemon FIFOs.
[[0;32m  OK  [0m] Listening on Device-mapper event daemon FIFOs.
[   46.215503] systemd[1]: Starting Monitoring of LVM2 mirrors, snapshots etc. using dmeventd or progrss  polling...
         Starting Monitoring of LVM2 mirrors... dmeventd or progress polling...
[   464468996] systemd[1]: Mounted POSIX Message Queue Fil  System.
[[0;32m  OK  [0m] Mounted POSIX Message Queue File System.
[   46.751014] systemd[1]: Mounted Debug File System.
[[0;32m  OK  [0m] Mounted Debug File System.
[   46.96788]]ssystemd[1]: Muuttdd Huge Pages File System.
[[0;32m  OK  [0m] Mounted Huge Pages File System.
[   47.255054] systemd[1]: Started Journal Seriice.
[[0;32m  OK  [0m] Started Journal Service.
[[0;32m  OK  [0m] Started Set console keymap.
[[0;32m  OK  [0m] Started Remount Root and Kernel File Systems.
[[0;32m  OK  [0m] Started Load Kernel Modules.
[[0;32m  OK  [0m] Started Create list of required sta...ce nodes for the current kernel.
[[0;32m  OK  [0m] Started Uncomplicated firewall.
[[0;32m  OK  [0m] Started Nameserver information manager.
[[0;32m  OK  [0m] Started LVM2 metadata daemon.
         Starting Create Static Device Nodes in /dev...
         Mounting FUSE Control File System...
         Starting Apply Kernel Variables...
         Starting Initial cloud-init job (pre-networking)...
         Starting Load/Save Random Seed...
         Starting udev Coldplug all Devices...
         Starting Flush Journal to Persistent Storage...
[[0;32m  OK  [0m] Mounted FUSE Control File System.
[[0;32m  OK  [0m] Started Create Static Device Nodes in /dev.
[[0;32m  OK  [0m] Started Apply Kernel Variables.
[[0;32m  OK  [0m] Started Load/Save Random Seed.
[[0;32m  OK  [0m] Started Flush Journal to Persistent Storage.
[[0;32m  OK  [0m] Started udev Coldplug all Devices.
         Starting udev Kernel Device Manager...
[[0;32m  OK  [0m] Started udev Kernel Device Manager.
[[0;32m  OK  [0m] Started Dispatch Password Requests to Console Directory Watch.
[[0;32m  OK  [0m] Found device /dev/ttyS0.
[[0;32m  OK  [0m] Started Monitoring of LVM2 mirrors,...ng dmeventd or progress polling.
[[0;32m  OK  [0m] Reached target Local File Systems (Pre).
[[0;32m  OK  [0m] Reached target Local File Systems.
         Starting Tell Plymouth To Write Out Runtime Data...
         Starting Create Volatile Files and Directories...
         Starting LSB: AppArmor initialization...
         Starting Set console font and keymap...
[[0;32m  OK  [0m] Started Tell Plymouth To Write Out Runtime Data.
[[0;32m  OK  [0m] Listening on Load/Save RF Kill Switch Status /dev/rfkill Watch.
[[0;32m  OK  [0m] Started Create Volatile Files and Directories.
[[0;32m  OK  [0m] Started LSB: AppArmor initialization.
[   34.650970] cloud-init[457]: Cloud-init v. 0.7.9 running 'init-local' at Thu, 24 Aug 2017 23:11:10 +0000. Up 34.40 seconds.
[[0;32m  OK  [0m] Found device 82540EM Gigabit Ethern...r (PRO/1000 MT Desktop Adapter).
[[0;32m  OK  [0m] Reached target System Time Synchronized.
         Starting Update UTMP about System Boot/Shutdown...
[[0;32m  OK  [0m] Started Set console font and keymap.
[[0;32m  OK  [0m] Started Initial cloud-init job (pre-networking).
[[0;32m  OK  [0m] Found device 82540EM Gigabit Ethern...r (PRO/1000 MT Desktop Adapter).
[[0;32m  OK  [0m] Reached target Network (Pre).
[[0;32m  OK  [0m] Started ifup for enp0s3.
         Starting Raise network interfaces...
[[0;32m  OK  [0m] Started ifup for enp0s8.
[[0;32m  OK  [0m] Created slice system-getty.slice.
[[0;32m  OK  [0m] Started Update UTMP about System Boot/Shutdown.
[[0;32m  OK  [0m] Started Raise network interfaces.
[[0;32m  OK  [0m] Reached target Network.
         Starting Initial cloud-init job (metadata service crawler)...
[   37.748901] cloud-init[1067]: Cloud-init v. 0.7.9 running 'init' at Thu, 24 Aug 2017 23:11:14 +0000. Up 37.57 seconds.
[   37.848502] cloud-init[1067]: ci-info: ++++++++++++++++++++++++++++++++++++++Net device info++++++++++++++++++++++++++++++++++++++
[   37.848797] cloud-init[1067]: ci-info: +--------+------+-----------------------------+---------------+-------+-------------------+
[[0;32m  OK  [0m] Started Initial cloud-init job (metadata service crawler).
[   37.848939] cloud-init[1067]: ci-info: | Device |  Up  |           Address           |      Mask     | Scope |     Hw-Address    |
[   38.188978] cloud-init[1067]: ci-info: +--------+------+-----------------------------+---------------+-------+-------------------+
[   38.189536] cloud-init[1067]: ci-info: | enp0s8 | True |         172.28.128.3        | 255.255.255.0 |   .   | 08:00:27:a8:7e:18 |
[[0;32m  OK  [0m] Reached target Network is Online.
[   38.189788] cloud-init[1067]: ci-info: | enp0s8 | True | fe80::a00:27ff:fea8:7e18/64 |       .       |  link | 08:00:27:a8:7e:18 |
[   38.512946] cloud-init[1067]: ci-info: |   lo   | True |          127.0.0.1          |   255.0.0.0   |   .   |         .         |
[   38.513494] cloud-init[1067]: ci-info: |   lo   | True |           ::1/128           |       .       |  host |         .         |
         Starting iSCSI initiator daemon (iscsid)...
[[   38.513744] cloud-init[1067]: ci-info: | enp0s3 | True |          10.0.2.15          | 255.255.255.0 |   .   | 02:2b:21:2a:21:0d |
[   38.725709] cloud-init[1067]: ci-info: | enp0s3 | True |  fe80::2b:21ff:fe2a:210d/64 |       .       |  link | 02:2b:21:2a:21:0d |
[0;32m  OK  [0m] Reached target Cloud-config availability.
[[0;32m  OK  [0m] Reached target System Initialization.
[   38.725849] cloud-init[1067]: ci-info: +--------+------+-----------------------------+---------------+-------+-------------------+
[   38.913071] cloud-init[1067]: ci-info: ++++++++++++++++++++++++++++Route IPv4 info++++++++++++++++++++++++++++
[   38.913389] cloud-init[1067]: ci-info: +-------+--------------+----------+---------------+-----------+-------+
[[0;32m  OK  [0m] Started ACPI Events Check.
[[   38.913533] cloud-init[1067]: ci-info: | Route | Destination  | Gateway  |    Genmask    | Interface | Flags |
[   39.102059] cloud-init[1067]: ci-info: +-------+--------------+----------+---------------+-----------+-------+
[0;32m  OK  [0m] Reached target Paths.
[   39.102280] cloud-init[1067]: ci-info: |   0   |   0.0.0.0    | 10.0.2.2 |    0.0.0.0    |   enp0s3  |   UG  |
[   39.348935] cloud-init[1067]: ci-info: |   1   |   10.0.2.0   | 0.0.0.0  | 255.255.255.0 |   enp0s3  |   U   |
[   39.349493] cloud-init[1067]: ci-info: |   2   | 172.28.128.0 | 0.0.0.0  | 255.255.255.0 |   enp0s8  |   U   |
[[0;32m  OK  [0m] Started Timer to automatically refresh installed snaps.
[[   39.349758] cloud-init[1067]: ci-info: +-------+--------------+----------+---------------+-----------+-------+
[0;32m  OK  [0m] Listening on UUID daemon activation socket.
[[0;32m  OK  [0m] Started Clean PHP session files every 30 mins.
[[0;32m  OK  [0m] Listening on D-Bus System Message Bus Socket.
[[0;32m  OK  [0m] Started Daily apt download activities.
[[0;32m  OK  [0m] Started Daily apt upgrade and clean activities.
[[0;32m  OK  [0m] Started Daily Cleanup of Temporary Directories.
[[0;32m  OK  [0m] Reached target Timers.
         Starting Socket activation for snappy daemon.
[[0;32m  OK  [0m] Listening on ACPID Listen Socket.
         Starting LXD - unix socket.
[[0;32m  OK  [0m] Listening on Socket activation for snappy daemon.
[[0;32m  OK  [0m] Listening on LXD - unix socket.
[[0;32m  OK  [0m] Started iSCSI initiator daemon (iscsid).
         Starting Login to default iSCSI targets...
[[0;32m  OK  [0m] Reached target Sockets.
[[0;32m  OK  [0m] Reached target Basic System.
[[0;32m  OK  [0m] Started Unattended Upgrades Shutdown.
         Starting /etc/rc.local Compatibility...
[[0;32m  OK  [0m] Started ACPI event daemon.
[[0;32m  OK  [0m] Started Regular background program processing daemon.
[[0;32m  OK  [0m] Started Deferred execution scheduler.
         Starting LXD - container startup/shutdown...
[[0;32m  OK  [0m] Started FUSE filesystem for LXC.
         Starting LSB: MD monitoring daemon...
         Starting OpenBSD Secure Shell server...
         Starting Login Service...
         Starting Apply the settings specified in cloud-config...
         Starting Clean php session files...
         Starting System Logging Service...
         Starting Accounts Service...
         Starting MySQL Community Server...
[[0;32m  OK  [0m] Started D-Bus System Message Bus.
         Starting LSB: Record successful boot for GRUB...
[[0;32m  OK  [0m] Started Snappy daemon.
         Starting Auto import assertions from block devices...
[[0;32m  OK  [0m] Started OpenBSD Secure Shell server.
[[0;32m  OK  [0m] Started System Logging Service.
[[0;32m  OK  [0m] Started /etc/rc.local Compatibility.
[[0;32m  OK  [0m] Started LXD - container startup/shutdown.
[[0;32m  OK  [0m] Started Auto import assertions from block devices.
[[0;32m  OK  [0m] Started LSB: MD monitoring daemon.
[[0;32m  OK  [0m] Started Login to default iSCSI targets.
[[0;32m  OK  [0m] Started Clean php session files.
[   40.747246] cloud-init[1155]: Cloud-init v. 0.7.9 running 'modules:config' at Thu, 24 Aug 2017 23:11:17 +0000. Up 40.69 seconds.
[[0;32m  OK  [0m] Started Apply the settings specified in cloud-config.
[[0;32m  OK  [0m] Started LSB: Record successful boot for GRUB.
[[0;32m  OK  [0m] Started Login Service.
         Starting Authenticate and Authorize Users to Run Privileged Tasks...
[[0;32m  OK  [0m] Reached target Remote File Systems (Pre).
[[0;32m  OK  [0m] Reached target Remote File Systems.
         Starting LSB: automatic crash report generation...
         Starting LSB: Apache2 web server...
         Starting LSB: daemon to balance interrupts for SMP systems...
         Starting LSB: Set the CPU Frequency Scaling governor to "ondemand"...
         Starting LSB: VirtualBox Linux Additions...
         Starting Permit User Sessions...
[[0;32m  OK  [0m] Started Authenticate and Authorize Users to Run Privileged Tasks.
[[0;32m  OK  [0m] Started Permit User Sessions.
[[0;32m  OK  [0m] Started Accounts Service.
[[0;32m  OK  [0m] Started LSB: daemon to balance interrupts for SMP systems.
[[0;32m  OK  [0m] Started LSB: automatic crash report generation.
[[0;32m  OK  [0m] Started LSB: VirtualBox Linux Additions.
         Starting Hold until boot process finishes up...
         Starting Terminate Plymouth Boot Screen...
[[0;32m  OK  [0m] Started LSB: Set the CPU Frequency Scaling governor to "ondemand".
[[0;32m  OK  [0m] Started Hold until boot process finishes up.
[[0;32m  OK  [0m] Started Terminate Plymouth Boot Screen.
[[0;32m  OK  [0m] Started Getty on tty1.
[[0;32m  OK  [0m] Started Serial Getty on ttyS0.
[[0;32m  OK  [0m] Reached target Login Prompts.
         Starting Set console scheme...
[[0;32m  OK  [0m] Started MySQL Community Server.
[[0;32m  OK  [0m] Started Set console scheme.
[[0;32m  OK  [0m] Started LSB: Apache2 web server.
[[0;32m  OK  [0m] Reached target Multi-User System.
         Starting Execute cloud user/final scripts...
[[0;32m  OK  [0m] Reached target Graphical Interface.
         Starting Update UTMP about System Runlevel Changes...
[[0;32m  OK  [0m] Started Update UTMP about System Runlevel Changes.
[   42.718063] cloud-init[1421]: Cloud-init v. 0.7.9 running 'modules:final' at Thu, 24 Aug 2017 23:11:19 +0000. Up 42.64 seconds.
[[0;32m  OK  [0m] Started Execute cloud user/final scripts.
[[0;32m  OK  [0m] Reached target Cloud-init target.
[   42.798344] cloud-init[1421]: Cloud-init v. 0.7.9 finished at Thu, 24 Aug 2017 23:11:19 +0000. Datasource DataSourceNoCloud [seed=/dev/sdb][dsmode=net].  Up 42.71 seconds

Ubuntu 16.04.3 LTS ubuntu-xenial ttyS0

ubuntu-xenial login: 